<?xml version="1.0" encoding="UTF-8"?>
<testsuite xmlns:xsi="http://www.w3.org/2001/XMLSchema-instance" xsi:noNamespaceSchemaLocation="https://maven.apache.org/surefire/maven-surefire-plugin/xsd/surefire-test-report-3.0.xsd" version="3.0" name="com.example.TimeMaster.TimeMasterApplicationTests" time="7.17" tests="1" errors="0" skipped="0" failures="0">
  <properties>
[...]
</properties>
  <testcase name="contextLoads" classname="com.example.TimeMaster.TimeMasterApplicationTests" time="0.351">
    <system-out><![CDATA[18:58:50.117 [main] INFO org.springframework.test.context.support.AnnotationConfigContextLoaderUtils -- Could not detect default configuration classes for test class [com.example.TimeMaster.TimeMasterApplicationTests]: TimeMasterApplicationTests does not declare any static, non-private, non-final, nested classes annotated with @Configuration.
18:58:50.187 [main] INFO org.springframework.boot.test.context.SpringBootTestContextBootstrapper -- Found @SpringBootConfiguration com.example.TimeMaster.TimeMasterApplication for test class com.example.TimeMaster.TimeMasterApplicationTests

  .   ____          _            __ _ _
 /\\ / ___'_ __ _ _(_)_ __  __ _ \ \ \ \
( ( )\___ | '_ | '_| | '_ \/ _` | \ \ \ \
 \\/  ___)| |_)| | | | | || (_| |  ) ) ) )
  '  |____| .__|_| |_|_| |_\__, | / / / /
 =========|_|==============|___/=/_/_/_/
 :: Spring Boot ::                (v3.1.5)

2023-12-12T18:58:50.436+01:00  INFO 29344 --- [           main] c.e.T.TimeMasterApplicationTests         : Starting TimeMasterApplicationTests using Java 18.0.2.1 with PID 29344 (started by Anatoliy in C:\Users\Anatoliy\Desktop\LAB\5\web\Course work\TimeMaster)
2023-12-12T18:58:50.437+01:00  INFO 29344 --- [           main] c.e.T.TimeMasterApplicationTests         : No active profile set, falling back to 1 default profile: "default"
2023-12-12T18:58:50.890+01:00  INFO 29344 --- [           main] .s.d.r.c.RepositoryConfigurationDelegate : Bootstrapping Spring Data JPA repositories in DEFAULT mode.
2023-12-12T18:58:50.937+01:00  INFO 29344 --- [           main] .s.d.r.c.RepositoryConfigurationDelegate : Finished Spring Data repository scanning in 40 ms. Found 2 JPA repository interfaces.
2023-12-12T18:58:51.331+01:00  INFO 29344 --- [           main] o.hibernate.jpa.internal.util.LogHelper  : HHH000204: Processing PersistenceUnitInfo [name: default]
2023-12-12T18:58:51.387+01:00  INFO 29344 --- [           main] org.hibernate.Version                    : HHH000412: Hibernate ORM core version 6.2.13.Final
2023-12-12T18:58:51.389+01:00  INFO 29344 --- [           main] org.hibernate.cfg.Environment            : HHH000406: Using bytecode reflection optimizer
2023-12-12T18:58:51.641+01:00  INFO 29344 --- [           main] o.s.o.j.p.SpringPersistenceUnitInfo      : No LoadTimeWeaver setup: ignoring JPA class transformer
2023-12-12T18:58:51.664+01:00  INFO 29344 --- [           main] com.zaxxer.hikari.HikariDataSource       : HikariPool-1 - Starting...
2023-12-12T18:58:52.983+01:00  INFO 29344 --- [           main] com.zaxxer.hikari.pool.HikariPool        : HikariPool-1 - Added connection org.postgresql.jdbc.PgConnection@d49e8c6
2023-12-12T18:58:52.985+01:00  INFO 29344 --- [           main] com.zaxxer.hikari.HikariDataSource       : HikariPool-1 - Start completed.
2023-12-12T18:58:53.120+01:00  WARN 29344 --- [           main] org.hibernate.orm.deprecation            : HHH90000025: PostgreSQLDialect does not need to be specified explicitly using 'hibernate.dialect' (remove the property setting and it will be selected by default)
2023-12-12T18:58:54.106+01:00  INFO 29344 --- [           main] o.h.e.t.j.p.i.JtaPlatformInitiator       : HHH000489: No JTA platform available (set 'hibernate.transaction.jta.platform' to enable JTA platform integration)
2023-12-12T18:58:55.710+01:00  INFO 29344 --- [           main] j.LocalContainerEntityManagerFactoryBean : Initialized JPA EntityManagerFactory for persistence unit 'default'
2023-12-12T18:58:56.148+01:00  WARN 29344 --- [           main] JpaBaseConfiguration$JpaWebConfiguration : spring.jpa.open-in-view is enabled by default. Therefore, database queries may be performed during view rendering. Explicitly configure spring.jpa.open-in-view to disable this warning
2023-12-12T18:58:56.258+01:00  INFO 29344 --- [           main] o.s.s.web.DefaultSecurityFilterChain     : Will secure any request with [org.springframework.security.web.session.DisableEncodeUrlFilter@659e003e, org.springframework.security.web.context.request.async.WebAsyncManagerIntegrationFilter@5f3c866c, org.springframework.security.web.context.SecurityContextHolderFilter@65fe1f47, org.springframework.security.web.header.HeaderWriterFilter@2111d7b9, org.springframework.security.web.authentication.logout.LogoutFilter@2566247d, org.springframework.security.web.authentication.UsernamePasswordAuthenticationFilter@64245ca9, org.springframework.security.web.savedrequest.RequestCacheAwareFilter@2165d4ab, org.springframework.security.web.servletapi.SecurityContextHolderAwareRequestFilter@6a8ab98f, org.springframework.security.web.authentication.AnonymousAuthenticationFilter@16e0afab, org.springframework.security.web.access.ExceptionTranslationFilter@6ba02f70, org.springframework.security.web.access.intercept.AuthorizationFilter@bb1b872]
2023-12-12T18:58:56.801+01:00  INFO 29344 --- [           main] c.e.T.TimeMasterApplicationTests         : Started TimeMasterApplicationTests in 6.517 seconds (process running for 7.158)
]]></system-out>
  </testcase>
</testsuite>